<?xml version="1.0" encoding="UTF-8"?>
<testsuites name="Craferia_MyAccount_test_004" time="20.922" tests="1" failures="0" errors="0">
   <testsuite name="Craferia_MyAccount_test_004" tests="1" failures="0" errors="0" time="20.922" skipped="0" timestamp="19-02-2024T20:28:09" hostname="Asus - LAPTOP-IGM6NPC4" id="Test Suites/Craferia_test_suite/Craferia_MyAccount_test_004">
      <properties>
         <property name="deviceName" value=""/>
         <property name="devicePlatform" value=""/>
         <property name="logFolder" value="C:\\Users\\Asus\\git\\smartproject\\Reports\\20240219_202606\\Craferia_test_suite\\Craferia_MyAccount_test_004\\20240219_202613"/>
         <property name="logFiles" value="C:\\Users\\Asus\\git\\smartproject\\Reports\\20240219_202606\\Craferia_test_suite\\Craferia_MyAccount_test_004\\20240219_202613\\execution0.log"/>
         <property name="attachments" value=""/>
         <property name="hostName" value="Asus - LAPTOP-IGM6NPC4"/>
         <property name="os" value="Windows 11 64bit"/>
         <property name="katalonVersion" value="9.2.0.212"/>
         <property name="browser" value="Edge Chromium 121"/>
         <property name="hostAddress" value="192.168.0.106"/>
         <property name="sessionId" value="22fa90564c53c0e41dc7532f21053baa"/>
         <property name="seleniumVersion" value="3.141.59"/>
         <property name="proxyInformation" value="ProxyInformation { proxyOption=NO_PROXY, proxyServerType=HTTP, username=, password=********, proxyServerAddress=, proxyServerPort=0, executionList=&quot;&quot;, isApplyToDesiredCapabilities=true }"/>
         <property name="platform" value="Windows 11"/>
      </properties>
      <testcase name="Test Cases/testcase_004" time="20.597" classname="Test Cases/testcase_004" status="PASSED">
         <system-out><![CDATA[19-02-2024T20:28:09 - [TEST_CASE][PASSED] - Test Cases/testcase_004: Test Cases/testcase_004

19-02-2024T20:28:10 - [TEST_STEP][PASSED] - openBrowser(""): Browser is opened with url: ''

19-02-2024T20:28:10 - [MESSAGE][INFO] - Starting 'Edge Chromium' driver

19-02-2024T20:28:11 - [MESSAGE][INFO] - Action delay is set to 0 milliseconds

19-02-2024T20:28:13 - [MESSAGE][PASSED] - Browser is opened with url: ''

19-02-2024T20:28:13 - [TEST_STEP][PASSED] - navigateToUrl("https://craferia.com/"): Navigate to 'https://craferia.com/' successfully

19-02-2024T20:28:17 - [MESSAGE][PASSED] - Navigate to 'https://craferia.com/' successfully

19-02-2024T20:28:17 - [TEST_STEP][PASSED] - click(findTestObject("Object Repository/Page_Handicrafts Online, Indian Handicraft _c8b31e/a_Mudha")): Object: 'Object Repository/Page_Handicrafts Online, Indian Handicraft _c8b31e/a_Mudha' is clicked on

19-02-2024T20:28:18 - [MESSAGE][PASSED] - Object: 'Object Repository/Page_Handicrafts Online, Indian Handicraft _c8b31e/a_Mudha' is clicked on

19-02-2024T20:28:18 - [TEST_STEP][PASSED] - verifyElementPresent(findTestObject("Object Repository/Page_Mudda, Mudha Set  Furniture by Craferia/a_Mudha Stools"), 0): Object 'Object Repository/Page_Mudda, Mudha Set  Furniture by Craferia/a_Mudha Stools' is present

19-02-2024T20:28:18 - [MESSAGE][WARNING] - Timeout '0' is invalid. Using default page load timeout: '30'

19-02-2024T20:28:18 - [MESSAGE][PASSED] - Object 'Object Repository/Page_Mudda, Mudha Set  Furniture by Craferia/a_Mudha Stools' is present

19-02-2024T20:28:18 - [TEST_STEP][PASSED] - click(findTestObject("Object Repository/Page_Mudda, Mudha Set  Furniture by Craferia/h2_Mudha Stools (3)")): Object: 'Object Repository/Page_Mudda, Mudha Set  Furniture by Craferia/h2_Mudha Stools (3)' is clicked on

19-02-2024T20:28:19 - [MESSAGE][PASSED] - Object: 'Object Repository/Page_Mudda, Mudha Set  Furniture by Craferia/h2_Mudha Stools (3)' is clicked on

19-02-2024T20:28:19 - [TEST_STEP][PASSED] - click(findTestObject("Object Repository/Page_Mudda  Mudha Stools by Craferia/a_Select options")): Object: 'Object Repository/Page_Mudda  Mudha Stools by Craferia/a_Select options' is clicked on

19-02-2024T20:28:20 - [MESSAGE][PASSED] - Object: 'Object Repository/Page_Mudda  Mudha Stools by Craferia/a_Select options' is clicked on

19-02-2024T20:28:20 - [TEST_STEP][PASSED] - click(findTestObject("Object Repository/Page_Buy Round Handmade Bamboo Mudha Stool _bc0b82/p_5 in stock")): Object: 'Object Repository/Page_Buy Round Handmade Bamboo Mudha Stool _bc0b82/p_5 in stock' is clicked on

19-02-2024T20:28:26 - [MESSAGE][PASSED] - Object: 'Object Repository/Page_Buy Round Handmade Bamboo Mudha Stool _bc0b82/p_5 in stock' is clicked on

19-02-2024T20:28:26 - [TEST_STEP][PASSED] - verifyElementText(findTestObject("Object Repository/Page_Buy Round Handmade Bamboo Mudha Stool _bc0b82/p_5 in stock"), "5 in stock"): Actual text and expected text of test object 'Object Repository/Page_Buy Round Handmade Bamboo Mudha Stool _bc0b82/p_5 in stock' are matched.

19-02-2024T20:28:27 - [MESSAGE][PASSED] - Actual text and expected text of test object 'Object Repository/Page_Buy Round Handmade Bamboo Mudha Stool _bc0b82/p_5 in stock' are matched.

19-02-2024T20:28:27 - [TEST_STEP][PASSED] - click(findTestObject("Object Repository/Page_Buy Round Handmade Bamboo Mudha Stool _bc0b82/span_1,500.00")): Object: 'Object Repository/Page_Buy Round Handmade Bamboo Mudha Stool _bc0b82/span_1,500.00' is clicked on

19-02-2024T20:28:27 - [MESSAGE][PASSED] - Object: 'Object Repository/Page_Buy Round Handmade Bamboo Mudha Stool _bc0b82/span_1,500.00' is clicked on

19-02-2024T20:28:27 - [TEST_STEP][PASSED] - verifyElementPresent(findTestObject("Object Repository/Page_Buy Round Handmade Bamboo Mudha Stool _bc0b82/span_1,500.00"), 0): Object 'Object Repository/Page_Buy Round Handmade Bamboo Mudha Stool _bc0b82/span_1,500.00' is present

19-02-2024T20:28:27 - [MESSAGE][WARNING] - Timeout '0' is invalid. Using default page load timeout: '30'

19-02-2024T20:28:27 - [MESSAGE][PASSED] - Object 'Object Repository/Page_Buy Round Handmade Bamboo Mudha Stool _bc0b82/span_1,500.00' is present

19-02-2024T20:28:27 - [TEST_STEP][PASSED] - click(findTestObject("Object Repository/Page_Buy Round Handmade Bamboo Mudha Stool _bc0b82/a_")): Object: 'Object Repository/Page_Buy Round Handmade Bamboo Mudha Stool _bc0b82/a_' is clicked on

19-02-2024T20:28:28 - [MESSAGE][PASSED] - Object: 'Object Repository/Page_Buy Round Handmade Bamboo Mudha Stool _bc0b82/a_' is clicked on

19-02-2024T20:28:28 - [TEST_STEP][PASSED] - doubleClick(findTestObject("Object Repository/Page_Buy Round Handmade Bamboo Mudha Stool _bc0b82/img_pswp__img")): Object: 'Object Repository/Page_Buy Round Handmade Bamboo Mudha Stool _bc0b82/img_pswp__img' is double clicked on

19-02-2024T20:28:28 - [MESSAGE][PASSED] - Object: 'Object Repository/Page_Buy Round Handmade Bamboo Mudha Stool _bc0b82/img_pswp__img' is double clicked on

19-02-2024T20:28:28 - [TEST_STEP][PASSED] - doubleClick(findTestObject("Object Repository/Page_Buy Round Handmade Bamboo Mudha Stool _bc0b82/button_pswp__button pswp__button--arrow--left")): Object: 'Object Repository/Page_Buy Round Handmade Bamboo Mudha Stool _bc0b82/button_pswp__button pswp__button--arrow--left' is double clicked on

19-02-2024T20:28:29 - [MESSAGE][PASSED] - Object: 'Object Repository/Page_Buy Round Handmade Bamboo Mudha Stool _bc0b82/button_pswp__button pswp__button--arrow--left' is double clicked on

19-02-2024T20:28:29 - [TEST_STEP][PASSED] - closeBrowser(): Browser is closed

19-02-2024T20:28:30 - [MESSAGE][PASSED] - Browser is closed]]></system-out>
         <system-err><![CDATA[]]></system-err>
      </testcase>
      <system-out><![CDATA[19-02-2024T20:28:09 - [TEST_SUITE][PASSED] - Craferia_MyAccount_test_004: Test Cases/testcase_004]]></system-out>
      <system-err><![CDATA[]]></system-err>
   </testsuite>
</testsuites>
