<?xml version="1.0" encoding="UTF-8"?>
<testsuites name="Craferia_MyAccount_test_004" time="16.381" tests="1" failures="0" errors="0">
   <testsuite name="Craferia_MyAccount_test_004" tests="1" failures="0" errors="0" time="16.381" skipped="0" timestamp="19-02-2024T23:25:16" hostname="Asus - LAPTOP-IGM6NPC4" id="Test Suites/Craferia_test_suite/Craferia_MyAccount_test_004">
      <properties>
         <property name="deviceName" value=""/>
         <property name="devicePlatform" value=""/>
         <property name="logFolder" value="C:\\Users\\Asus\\git\\smartproject\\Reports\\20240219_232250\\Craferia_test_suite\\Craferia_MyAccount_test_004\\20240219_232257"/>
         <property name="logFiles" value="C:\\Users\\Asus\\git\\smartproject\\Reports\\20240219_232250\\Craferia_test_suite\\Craferia_MyAccount_test_004\\20240219_232257\\execution0.log"/>
         <property name="attachments" value=""/>
         <property name="hostName" value="Asus - LAPTOP-IGM6NPC4"/>
         <property name="os" value="Windows 11 64bit"/>
         <property name="katalonVersion" value="9.2.0.212"/>
         <property name="browser" value="Edge Chromium 121"/>
         <property name="hostAddress" value="192.168.0.106"/>
         <property name="sessionId" value="4acaf057380c6334e0666cca6a691e2f"/>
         <property name="seleniumVersion" value="3.141.59"/>
         <property name="proxyInformation" value="ProxyInformation { proxyOption=NO_PROXY, proxyServerType=HTTP, username=, password=********, proxyServerAddress=, proxyServerPort=0, executionList=&quot;&quot;, isApplyToDesiredCapabilities=true }"/>
         <property name="platform" value="Windows 11"/>
      </properties>
      <testcase name="Test Cases/testcase_004" time="15.829" classname="Test Cases/testcase_004" status="PASSED">
         <system-out><![CDATA[19-02-2024T23:25:16 - [TEST_CASE][PASSED] - Test Cases/testcase_004: Test Cases/testcase_004

19-02-2024T23:25:16 - [TEST_STEP][PASSED] - Start listener action : sampleBeforeTestCase: null

19-02-2024T23:25:16 - [TEST_STEP][PASSED] - println(testCaseContext.getTestCaseId()): null

19-02-2024T23:25:16 - [TEST_STEP][PASSED] - println(testCaseContext.getTestCaseVariables()): null

19-02-2024T23:25:17 - [TEST_STEP][PASSED] - openBrowser(""): Browser is opened with url: ''

19-02-2024T23:25:17 - [MESSAGE][INFO] - Starting 'Edge Chromium' driver

19-02-2024T23:25:18 - [MESSAGE][INFO] - Action delay is set to 0 milliseconds

19-02-2024T23:25:21 - [MESSAGE][PASSED] - Browser is opened with url: ''

19-02-2024T23:25:21 - [TEST_STEP][PASSED] - navigateToUrl("https://craferia.com/"): Navigate to 'https://craferia.com/' successfully

19-02-2024T23:25:22 - [MESSAGE][PASSED] - Navigate to 'https://craferia.com/' successfully

19-02-2024T23:25:22 - [TEST_STEP][PASSED] - click(findTestObject("Object Repository/Page_Handicrafts Online, Indian Handicraft _c8b31e/a_Mudha")): Object: 'Object Repository/Page_Handicrafts Online, Indian Handicraft _c8b31e/a_Mudha' is clicked on

19-02-2024T23:25:29 - [MESSAGE][PASSED] - Object: 'Object Repository/Page_Handicrafts Online, Indian Handicraft _c8b31e/a_Mudha' is clicked on

19-02-2024T23:25:29 - [TEST_STEP][PASSED] - click(findTestObject("Object Repository/Page_Mudda, Mudha Set  Furniture by Craferia/h2_Mudha Stools (3)")): Object: 'Object Repository/Page_Mudda, Mudha Set  Furniture by Craferia/h2_Mudha Stools (3)' is clicked on

19-02-2024T23:25:30 - [MESSAGE][PASSED] - Object: 'Object Repository/Page_Mudda, Mudha Set  Furniture by Craferia/h2_Mudha Stools (3)' is clicked on

19-02-2024T23:25:30 - [TEST_STEP][PASSED] - click(findTestObject("Object Repository/Page_Mudda  Mudha Stools by Craferia/a_Select options")): Object: 'Object Repository/Page_Mudda  Mudha Stools by Craferia/a_Select options' is clicked on

19-02-2024T23:25:31 - [MESSAGE][PASSED] - Object: 'Object Repository/Page_Mudda  Mudha Stools by Craferia/a_Select options' is clicked on

19-02-2024T23:25:31 - [TEST_STEP][PASSED] - verifyElementText(findTestObject("Object Repository/Page_Buy Round Handmade Bamboo Mudha Stool _bc0b82/span_1,500.00"), "₹1,500.00"): Actual text and expected text of test object 'Object Repository/Page_Buy Round Handmade Bamboo Mudha Stool _bc0b82/span_1,500.00' are matched.

19-02-2024T23:25:32 - [MESSAGE][PASSED] - Actual text and expected text of test object 'Object Repository/Page_Buy Round Handmade Bamboo Mudha Stool _bc0b82/span_1,500.00' are matched.

19-02-2024T23:25:32 - [TEST_STEP][PASSED] - closeBrowser(): Browser is closed

19-02-2024T23:25:32 - [MESSAGE][PASSED] - Browser is closed

19-02-2024T23:25:32 - [TEST_STEP][PASSED] - Start listener action : sampleAfterTestCase: null

19-02-2024T23:25:32 - [TEST_STEP][PASSED] - println(testCaseContext.getTestCaseId()): null

19-02-2024T23:25:32 - [TEST_STEP][PASSED] - println(testCaseContext.getTestCaseStatus()): null]]></system-out>
         <system-err><![CDATA[]]></system-err>
      </testcase>
      <system-out><![CDATA[19-02-2024T23:25:16 - [TEST_SUITE][PASSED] - Craferia_MyAccount_test_004: Test Cases/testcase_004]]></system-out>
      <system-err><![CDATA[]]></system-err>
   </testsuite>
</testsuites>
